<?xml version="1.0" encoding="UTF-8"?>
<coverage generated="1680734866585" clover="3.2.0">
  <project timestamp="1680734866585" name="All files">
    <metrics statements="13" coveredstatements="11" conditionals="2" coveredconditionals="1" methods="5" coveredmethods="4" elements="20" coveredelements="16" complexity="0" loc="13" ncloc="13" packages="2" files="2" classes="2"/>
    <package name="To-Do-List-Unit-Test-Part-One">
      <metrics statements="2" coveredstatements="2" conditionals="0" coveredconditionals="0" methods="1" coveredmethods="1"/>
      <file name="sum.js" path="D:\Microverse\Module Two\Week 3\DAY 3\To-Do-List-Unit-Test-Part-One\sum.js">
        <metrics statements="2" coveredstatements="2" conditionals="0" coveredconditionals="0" methods="1" coveredmethods="1"/>
        <line num="2" count="1" type="stmt"/>
        <line num="4" count="1" type="stmt"/>
      </file>
    </package>
    <package name="To-Do-List-Unit-Test-Part-One.src.modules.UnitTestPartOne">
      <metrics statements="11" coveredstatements="9" conditionals="2" coveredconditionals="1" methods="4" coveredmethods="3"/>
      <file name="addAndRemove.js" path="D:\Microverse\Module Two\Week 3\DAY 3\To-Do-List-Unit-Test-Part-One\src\modules\UnitTestPartOne\addAndRemove.js">
        <metrics statements="11" coveredstatements="9" conditionals="2" coveredconditionals="1" methods="4" coveredmethods="3"/>
        <line num="1" count="1" type="stmt"/>
        <line num="3" count="1" type="stmt"/>
        <line num="4" count="1" type="stmt"/>
        <line num="6" count="3" type="stmt"/>
        <line num="11" count="3" type="cond" truecount="1" falsecount="1"/>
        <line num="12" count="3" type="stmt"/>
        <line num="16" count="1" type="stmt"/>
        <line num="17" count="1" type="stmt"/>
        <line num="20" count="0" type="stmt"/>
        <line num="21" count="0" type="stmt"/>
        <line num="25" count="1" type="stmt"/>
      </file>
    </package>
  </project>
</coverage>
